2025-11-13 18:49:29 [INFO] 🌦️ Hourly weather fetch script started (IST).
2025-11-13 18:49:29 [INFO] Fetched data for Chennai at 2025-11-14 00:19:29.895518+05:30 (IST).
2025-11-13 18:49:30 [INFO] Fetched data for Hyderabad at 2025-11-14 00:19:30.129764+05:30 (IST).
2025-11-13 18:49:30 [INFO] Fetched data for Jaipur at 2025-11-14 00:19:30.916503+05:30 (IST).
2025-11-13 18:49:30 [INFO] Fetched data for Lucknow at 2025-11-14 00:19:30.960202+05:30 (IST).
2025-11-13 18:49:31 [INFO] Fetched data for Bengaluru at 2025-11-14 00:19:31.213479+05:30 (IST).
2025-11-13 18:49:31 [INFO] Fetched data for Bhopal at 2025-11-14 00:19:31.675557+05:30 (IST).
2025-11-13 18:49:31 [INFO] Fetched data for Patna at 2025-11-14 00:19:31.972995+05:30 (IST).
2025-11-13 18:49:31 [INFO] Fetched data for Gandhinagar at 2025-11-14 00:19:31.975716+05:30 (IST).
2025-11-13 18:49:32 [INFO] Fetched data for Chandigarh at 2025-11-14 00:19:32.434347+05:30 (IST).
2025-11-13 18:49:32 [INFO] Fetched data for Delhi at 2025-11-14 00:19:32.702051+05:30 (IST).
2025-11-13 18:49:32 [INFO] Fetched data for Bhubaneswar at 2025-11-14 00:19:32.735848+05:30 (IST).
2025-11-13 18:49:33 [INFO] Fetched data for Thiruvananthapuram at 2025-11-14 00:19:33.033884+05:30 (IST).
2025-11-13 18:49:33 [INFO] Fetched data for Dispur at 2025-11-14 00:19:33.193699+05:30 (IST).
2025-11-13 18:49:33 [INFO] Fetched data for Imphal at 2025-11-14 00:19:33.462477+05:30 (IST).
2025-11-13 18:49:34 [INFO] Fetched data for Shillong at 2025-11-14 00:19:34.298436+05:30 (IST).
2025-11-13 18:49:34 [INFO] Fetched data for Agartala at 2025-11-14 00:19:34.454675+05:30 (IST).
2025-11-13 18:49:35 [INFO] Fetched data for Gangtok at 2025-11-14 00:19:35.176916+05:30 (IST).
2025-11-13 18:49:35 [INFO] Fetched data for Itanagar at 2025-11-14 00:19:35.244256+05:30 (IST).
2025-11-13 18:49:35 [INFO] Fetched data for Aizawl at 2025-11-14 00:19:35.408549+05:30 (IST).
2025-11-13 18:49:37 [INFO] Fetched data for Kohima at 2025-11-14 00:19:37.838742+05:30 (IST).
2025-11-13 18:49:39 [ERROR] Error fetching data for Kolkata: HTTPSConnectionPool(host='air-quality-api.open-meteo.com', port=443): Read timed out. (read timeout=10)
2025-11-13 18:49:39 [ERROR] Error fetching data for Mumbai: HTTPSConnectionPool(host='air-quality-api.open-meteo.com', port=443): Read timed out. (read timeout=10)
2025-11-13 18:49:45 [ERROR] Error fetching data for Dehradun: HTTPSConnectionPool(host='api.open-meteo.com', port=443): Read timed out. (read timeout=10)
2025-11-13 18:49:45 [ERROR] Error fetching data for Raipur: HTTPSConnectionPool(host='api.open-meteo.com', port=443): Read timed out. (read timeout=10)
2025-11-13 18:49:45 [ERROR] Error fetching data for Ranchi: HTTPSConnectionPool(host='api.open-meteo.com', port=443): Read timed out. (read timeout=10)
2025-11-13 18:49:47 [ERROR] Error fetching data for Panaji: HTTPSConnectionPool(host='api.open-meteo.com', port=443): Read timed out. (read timeout=10)
2025-11-13 18:49:49 [ERROR] Error fetching data for Puducherry: HTTPSConnectionPool(host='api.open-meteo.com', port=443): Read timed out. (read timeout=10)
2025-11-13 18:49:49 [ERROR] Error fetching data for Port Blair: HTTPSConnectionPool(host='api.open-meteo.com', port=443): Read timed out. (read timeout=10)
2025-11-13 18:49:55 [ERROR] Error fetching data for Kavaratti: HTTPSConnectionPool(host='api.open-meteo.com', port=443): Read timed out. (read timeout=10)
2025-11-13 18:49:55 [ERROR] Error fetching data for Srinagar: HTTPSConnectionPool(host='api.open-meteo.com', port=443): Read timed out. (read timeout=10)
2025-11-13 18:49:55 [ERROR] Error fetching data for Leh: HTTPSConnectionPool(host='api.open-meteo.com', port=443): Read timed out. (read timeout=10)
2025-11-13 18:49:58 [INFO] Inserted 31 records successfully at 2025-11-14 00:19:58.242188+05:30 (IST).
2025-11-13 18:49:58 [INFO] Script completed successfully (IST).
